<?xml version="1.0" encoding="UTF-8"?>
<!-- Generated by org.testng.reporters.JUnitReportReporter -->
<testsuite skipped="0" hostname="DESKTOP-27L8JE7" name="com.demoproject.SampleCRM.suiteA.TestA" tests="1" failures="0" timestamp="20 Nov 2020 06:00:51 GMT" time="0.028" errors="0">
  <testcase name="f" time="0.028" classname="com.demoproject.SampleCRM.suiteA.TestA"/>
</testsuite> <!-- com.demoproject.SampleCRM.suiteA.TestA -->
