<?xml version="1.0" encoding="UTF-8"?>
<!-- Generated by org.testng.reporters.JUnitReportReporter -->
<testsuite skipped="0" hostname="DESKTOP-27L8JE7" name="com.demoproject.SampleCRM.suiteA.LoginTest" tests="1" failures="0" timestamp="20 Nov 2020 06:00:02 GMT" time="0.059" errors="0">
  <testcase name="f" time="0.059" classname="com.demoproject.SampleCRM.suiteA.LoginTest"/>
</testsuite> <!-- com.demoproject.SampleCRM.suiteA.LoginTest -->
